0.039703 365
0.106683 11
0.000741 707
0.000070 15
0.002091 53
0.000116 27
0.002192 58
0.002888 56
0.002203 58
0.002569 51
0.013844 60
0.002420 55
0.002460 58
0.016543 53
0.026093 81
0.011907 62
0.002385 64
0.003508 62
0.013346 72
0.008784 50
0.004080 64
0.013554 58
0.016161 58
0.000086 2
0.001154 11
0.002673 47
0.002720 82
0.649471 1
0.063817 1
0.080048 1
0.023972 1
0.144129 1
0.111976 1
0.071158 1
0.368969 1
0.432042 4
0.223996 1
0.088680 4
0.591209 2
0.293089 34
0.000086 17
0.000025 17
0.000051 17
0.000044 17
0.000066 17
0.000043 16
0.000061 16
0.000040 16
0.000064 16
0.000064 16
0.000043 16
0.000050 16
0.000051 16
0.000060 16
0.000052 16
0.000089 16
0.000696 16
0.000045 16
0.000034 16
0.000037 16
0.000034 16
0.000033 16
0.000033 16
0.000034 16
0.000565 16
0.000040 16
0.000034 16
0.000034 16
0.000032 16
0.000032 16
0.000034 16
0.000033 16
0.001007 16
0.000040 16
0.000036 16
0.000034 16
0.000032 16
0.000034 16
0.000032 16
0.000033 16
0.000607 16
0.000039 15
0.000015 2
0.000059 21
1.710537 240
0.203867 240
0.204756 240
0.200175 240
0.225776 240
0.202179 240
0.200817 240
0.203290 240
0.206245 240
0.527685 240
0.383607 240
0.207253 240
0.205415 240
0.202921 240
0.206442 240
0.237631 240
0.240131 240
0.222050 240
0.219479 240
0.233920 240
0.204775 240
0.203838 240
0.201139 240
0.201767 240
0.215514 240
0.200848 240
0.205292 240
0.203170 240
0.201786 240
0.240520 240
0.226090 240
0.243458 240
0.247069 240
0.261838 240
0.200827 240
0.201075 240
0.200468 240
0.203121 240
0.204172 240
0.204661 240
0.204733 240
0.205231 240
0.205398 240
0.207290 240
0.395957 240
0.199889 240
0.330769 240
0.299701 240
0.203978 240
0.205806 240
0.204469 240
0.204077 240
0.205134 240
0.205067 240
0.204663 240
0.204270 240
0.523426 240
0.201053 240
0.200428 240
0.203525 240
0.204634 240
0.204472 240
0.204619 240
0.205620 240
0.206500 240
0.202044 240
0.204615 240
0.206762 240
0.201925 240
0.248877 240
0.387130 240
0.286495 240
0.234293 240
0.200438 240
0.203138 240
0.201487 240
0.201980 240
0.202399 240
0.202135 240
0.200887 240
0.201534 240
0.200219 240
0.219249 240
0.342229 240
0.202649 240
0.201496 240
0.203422 240
0.201840 240
0.203263 240
0.201365 240
0.479610 240
0.202366 240
0.204021 240
0.208180 240
0.201664 240
0.207983 240
0.374398 240
0.202701 240
0.201860 240
0.252884 240
0.475604 240
0.231574 240
0.203940 240
0.203841 240
0.204594 240
0.204963 240
0.205022 240
0.204961 240
0.204883 240
0.203888 240
0.205482 240
0.204804 240
0.594032 240
0.202054 240
0.201942 240
0.200764 240
0.050288 242
1.093319 32
0.000006 16
0.000101 32
0.000119 64
0.000004 11
0.000012 5
0.000083 32
0.000010 16
0.000082 16
0.000089 64
0.000423 16
0.000022 11
0.000003 5
0.000065 16
0.000022 16
0.000019 16
0.000018 11
0.000003 5
0.000016 16
0.000019 16
0.000431 16
0.000030 11
0.000007 5
0.000018 16
0.000018 16
0.000013 16
0.000012 16
0.000014 17
0.000013 17
0.000523 17
0.000025 17
0.000057 85
0.000004 16
0.000009 2
0.000036 21
1.852126 240
0.204434 240
0.204409 240
0.207417 240
0.204444 240
0.204808 240
0.205192 240
0.206085 240
0.203880 240
0.224462 240
0.222661 240
0.515400 240
0.206642 240
0.271441 240
0.201366 240
0.203410 240
0.203238 240
0.206348 240
0.202942 240
0.204496 240
0.204569 240
0.203932 240
0.205467 240
0.453632 240
0.200004 240
0.200566 240
0.200295 240
0.201711 240
0.201374 240
0.202243 240
0.201958 240
0.204234 240
0.200137 240
0.200978 240
0.199994 240
0.201504 240
0.244972 240
0.222818 240
0.291993 240
0.200375 240
0.202357 240
0.203001 240
0.200971 240
0.200536 240
0.201139 240
0.212826 240
0.200791 240
0.201089 240
0.201980 240
0.695650 240
0.205618 240
0.204432 240
0.209395 240
0.228459 240
0.201258 240
0.202696 240
0.201942 240
0.201403 240
0.202482 240
0.201880 240
0.200825 240
0.202694 240
0.200130 240
0.206379 240
0.366555 240
0.245069 240
0.206270 240
0.205433 240
0.203928 240
0.203650 240
0.206383 240
0.205076 240
0.203777 240
0.031054 242
0.146798 51
0.000118 34
0.000005 17
0.000078 34
0.000005 17
0.000102 68
0.000030 17
0.000064 51
0.000478 17
0.000013 17
0.000007 17
0.000013 17
0.000011 17
0.000013 12
0.000003 5
0.000010 12
0.000003 5
0.000012 17
0.000436 17
0.000015 17
0.000013 17
0.000013 17
0.000013 17
0.000014 17
0.000013 17
0.000013 17
0.000549 17
0.000021 17
0.000013 17
0.000014 17
0.000012 17
0.000013 17
0.000014 17
0.000014 17
0.000014 17
0.000500 17
0.000017 17
0.000013 17
0.000014 17
0.000013 16
0.000006 2
0.000039 21
1.346757 240
0.210463 240
0.204593 240
0.206001 240
0.205830 482
0.113726 48
0.000043 16
0.000011 16
0.000018 16
0.000017 16
0.000016 16
0.000018 16
0.000088 32
0.000003 16
0.000019 16
0.000027 16
0.000015 16
0.000018 16
0.000072 16
0.000423 48
0.000011 16
0.000073 64
0.000418 48
0.000012 16
0.000009 16
0.000014 16
0.000014 16
0.000003 16
0.000076 16
0.000467 16
0.000062 64
0.000005 15
0.000008 2
0.000035 21
0.007891 81
0.066988 44
0.002353 4
0.502750 4
0.502060 4
0.500747 2
1.153377 61
0.004083 64
0.003664 64
0.003712 67
0.003809 67
0.003740 43
0.000573 4
0.501520 4
0.502675 4
0.502088 2
0.001414 60
0.014524 63
0.012298 63
0.010900 66
0.010720 66
0.106494 79
0.053037 78
0.077157 48
0.000113 32
0.000040 32
0.000015 16
0.000016 16
0.000066 32
0.000023 16
0.000017 16
0.000017 16
0.000015 16
0.000020 16
0.000021 16
0.000021 11
0.000003 5
0.000429 16
0.000018 16
0.000014 16
0.000015 16
0.000012 16
0.000014 16
0.000013 16
0.000014 16
0.000413 16
0.000016 16
0.000014 16
0.000013 16
0.000014 16
0.000012 16
0.000012 16
0.000013 16
0.000514 16
0.000016 16
0.000014 16
0.000013 16
0.000013 16
0.000014 15
0.000007 2
0.000030 21
0.016447 94
0.046056 93
0.014104 60
0.048325 63
12.121139 60
0.000130 62
0.087136 51
0.000112 34
0.000011 17
0.000008 17
0.000081 68
0.000010 17
0.000085 51
0.000029 17
0.000014 17
0.000079 17
0.000384 17
0.000020 17
0.000016 17
0.000013 17
0.000014 17
0.000012 17
0.000015 17
0.000013 17
0.000356 17
0.000016 17
0.000015 17
0.000012 17
0.000015 17
0.000012 17
0.000014 17
0.000013 17
0.000628 17
0.000018 17
0.000013 17
0.000016 17
0.000013 17
0.000015 16
0.000004 2
0.000035 21
0.058095 92
0.025755 107
0.000055 267
0.000021 158
0.000003 57
0.000008 56
0.000153 103
0.000106 239
1.177634 103
0.661129 46
0.044447 109
0.027208 103
0.000871 52
0.000107 70
0.011092 84
14.553839 105
5.079596 46
0.020085 220
0.000655 103
0.000213 68
0.748644 103
0.498331 105
0.000276 243
0.000116 118
0.000174 169
0.000009 102
0.000022 233
0.001079 103
0.000119 64
0.000129 96
0.000029 221
0.000166 253
0.000010 221
0.000099 519
0.000087 103
0.000015 60
0.000027 92
0.000007 154
0.000007 54
0.000449 103
0.000094 58
0.000295 86
0.000025 52
0.000008 55
0.000373 103
0.000051 57
0.000208 84
0.000066 51
0.000019 66
0.000253 171
0.000156 232
0.001184 103
0.000260 67
0.000449 465
0.000010 19
0.000375 77
0.000495 85
0.000193 267
0.000021 45
0.005521 43
0.288121 134
0.281386 156
0.000211 151
0.000013 113
1.555095 44
1.577093 110
0.083424 51
0.000026 17
0.000008 17
0.000012 17
0.000021 17
0.000015 17
0.000075 63
0.000003 5
0.000101 51
0.000011 17
0.000021 17
0.000509 17
0.000008 17
0.000013 17
0.000015 17
0.000013 17
0.000012 17
0.000015 17
0.000012 17
0.000427 17
0.000016 17
0.000016 17
0.000013 17
0.000012 17
0.000014 17
0.000012 17
0.000015 17
0.000012 17
0.000561 17
0.000016 17
0.000014 17
0.000014 17
0.000012 17
0.000015 17
0.000012 16
0.000008 2
0.000035 21
0.081008 126
0.063936 87
0.000009 91
0.000130 1886
0.000005 1065
0.000012 298
0.000003 153
0.000010 290
0.000010 298
0.000009 149
0.000003 141
0.000007 143
0.451976 91
8.546749 91
3.690838 168
1.709953 123
1.889733 256
0.000707 103
0.000236 80
0.752545 103
0.505234 117
0.000300 243
0.000086 130
0.000168 181
0.000093 407
0.000993 103
0.000094 76
0.000145 389
0.000133 175
0.000007 114
0.000017 187
0.000013 82
0.000101 529
0.000007 74
0.000081 103
0.000069 444
0.000366 103
0.000131 70
0.000330 110
0.000008 64
0.000030 67
0.000415 103
0.000080 69
0.000129 108
0.000071 141
0.000176 183
0.000183 280
0.001005 103
0.000243 79
0.000327 304
0.000052 264
0.000273 77
0.000407 97
0.000190 303
0.000076 45
0.004034 43
0.281872 134
0.274628 168
0.000154 103
0.000007 60
0.000054 147
0.000006 2
1.554920 56
1.581137 65
3.529812 113
6.502077 95
0.000404 118
0.079694 122
0.066754 178
0.000084 1284
0.000005 602
0.000015 300
0.000014 310
0.000014 155
0.000009 149
0.000013 151
0.000004 145
0.000015 306
0.000013 147
0.000010 286
0.000012 155
0.000004 149
0.000011 141
0.000009 143
0.425934 91
8.492023 91
3.700512 168
1.756287 123
1.951989 250
0.000732 103
0.000219 78
0.739057 103
0.517740 115
0.000357 243
0.000130 128
0.000188 179
0.000026 122
0.000020 273
0.001066 103
0.000126 74
0.000132 116
0.000026 261
0.000176 283
0.000020 181
0.000017 80
0.000117 515
0.000010 74
0.000155 285
0.000032 184
0.000007 64
0.000433 103
0.000105 68
0.000319 106
0.000039 64
0.000006 63
0.000406 103
0.000011 67
0.000263 104
0.000038 63
0.000019 74
0.000237 181
0.000192 272
0.001202 103
0.000258 77
0.000461 407
0.000009 128
0.000005 19
0.000395 77
0.000490 95
0.000195 297
0.000079 45
0.005472 43
0.283705 134
0.276930 166
0.000232 161
0.000101 143
1.517510 54
1.559651 63
3.493178 109
7.038983 93
0.000337 116
0.007628 31
0.080257 51
0.000007 17
0.000009 17
0.000012 17
0.000075 68
0.000020 17
0.000019 17
0.000016 17
0.000019 17
0.000014 12
0.000008 5
0.000012 17
0.000023 17
0.000022 17
0.000429 17
0.000038 17
0.000003 17
0.000008 17
0.000011 17
0.000013 17
0.000014 17
0.000013 17
0.000415 17
0.000015 17
0.000012 17
0.000015 17
0.000012 17
0.000015 17
0.000012 17
0.000515 17
0.000016 17
0.000016 17
0.000012 17
0.000015 17
0.000012 17
0.000014 17
0.000012 17
0.000014 17
0.000452 17
0.000016 17
0.000015 17
0.000012 17
0.000014 16
0.000007 2
0.000034 21
0.084899 395
0.233100 284
0.000009 132
0.000004 66
0.000009 65
0.000003 68
0.000006 68
0.000003 70
0.000006 69
0.000009 140
0.000091 424
0.003835 198
0.276887 47
0.006323 101
7.902177 47
0.001793 101
4.466369 91
2.271395 48
0.000116 80
0.000069 48
0.000101 96
0.000496 64
0.000012 16
0.000018 16
0.000007 16
0.000068 16
0.000405 16
0.000049 112
0.000567 64
0.000010 16
0.000010 16
0.000011 16
0.000014 16
0.000017 16
0.000490 64
0.000014 16
0.000010 16
0.000010 16
0.000014 16
0.000428 33
0.000067 21
0.005583 86
0.037072 78
0.148554 93
1.446767 64
0.034390 65
0.100542 41
0.001506 84
0.038557 77
0.157771 93
0.262424 63
0.001811 63
0.019627 40
0.101975 85
0.000006 17
0.000021 17
0.000026 17
0.000015 17
0.000014 17
0.000027 17
0.000018 12
0.000020 22
0.000021 17
0.000019 17
0.000025 17
0.000022 17
0.000035 17
0.000506 17
0.000023 17
0.000018 17
0.000017 17
0.000017 17
0.000017 17
0.000017 17
0.000499 17
0.000023 17
0.000018 17
0.000017 17
0.000016 17
0.000017 17
0.000016 17
0.000017 17
0.000016 17
0.000616 17
0.000019 17
0.000017 17
0.000027 17
0.000005 17
0.000019 17
0.000015 17
0.000016 17
0.000539 17
0.000019 17
0.000017 17
0.000018 16
0.000003 2
0.000044 21
0.014626 73
0.055609 57
0.092089 51
0.000070 85
0.000094 51
0.000093 119
0.000512 51
0.000096 85
0.000489 49
0.000021 16
0.000008 16
0.000081 16
0.000082 32
0.000517 16
0.000067 32
0.000011 11
0.000004 5
0.000068 32
0.000004 15
0.000006 2
0.000051 21
0.006521 115
0.060284 53
0.077768 48
1.379417 53
0.292955 29
0.000999 36
1.356938 29
0.001193 36
0.637525 29
0.001205 36
0.620030 29
0.001268 36
0.623067 29
0.001147 36
0.590003 29
0.001178 36
0.629688 29
0.001143 36
0.618536 29
0.001239 36
0.591878 29
0.001114 36
0.628179 30
0.001229 36
0.587542 30
0.189503 30
0.001129 36
0.614898 30
0.178589 30
0.001177 36
0.610395 30
0.185015 30
0.001378 36
0.653516 30
0.174040 30
0.001090 36
0.640788 30
0.190883 30
0.001213 36
0.635676 30
0.193980 30
0.179630 30
0.001144 36
0.642557 30
0.203182 30
0.194344 30
0.001225 36
0.682520 30
0.183394 30
0.194643 30
0.001126 36
0.670773 30
0.253792 30
0.178271 30
0.001075 36
0.704438 30
0.192306 30
0.184019 30
0.001203 36
0.687894 30
0.196534 30
0.190628 30
0.001164 36
0.665652 30
0.273840 86
0.240849 90
0.016137 42
0.010263 44
0.007185 90
0.000288 65
0.076361 48
0.000105 48
0.000082 64
0.000092 65
0.000122 68
0.000451 17
0.000004 17
0.000094 102
0.000476 17
0.000004 17
0.000017 17
0.000014 17
0.000007 17
0.000063 34
0.000537 17
0.000003 17
0.000084 102
0.000008 17
0.000500 33
0.000004 2
0.000090 21
0.001639 31
0.018645 26
0.007626 26
0.011115 17
0.000693 21
0.002120 95
0.000205 36
134.079928 57
1.593480 23
0.112736 28
0.009605 295
19.194163 62
1.634109 23
0.113498 29
0.010710 185
0.008479 154
0.001899 60
0.001728 16
158.737639 56
3.660394 24
0.323769 25
0.086160 111
39.220512 118
0.044381 34
39.689165 118
0.433923 109
0.086365 69
0.000106 118
4.091911 34
0.000008 17
0.000095 28
0.000005 6
0.000046 34
0.000043 34
0.000022 17
0.000076 68
0.000027 17
0.000019 17
0.000085 17
0.000428 34
0.000016 17
0.000019 17
0.000019 17
0.000019 17
0.000019 17
0.000019 17
0.000415 17
0.000022 17
0.000019 17
0.000019 17
0.000018 17
0.000019 17
0.000018 17
0.000019 17
0.000560 51
0.000005 17
0.000019 17
0.000018 17
0.000020 17
0.000019 16
0.000004 2
0.000051 21
0.006379 123
0.066616 42
0.000087 116
1.840275 96
0.130691 100
0.000785 40
0.080348 68
0.000014 17
0.000013 17
0.000035 34
0.000050 34
0.000046 17
0.000031 17
0.000075 33
0.000024 16
0.000066 32
0.000014 16
0.000430 16
0.000024 16
0.000019 16
0.000019 16
0.000020 16
0.000019 16
0.000020 16
0.000403 16
0.000025 16
0.000020 16
0.000028 16
0.000026 16
0.000019 16
0.000019 16
0.000018 16
0.000019 16
0.000539 16
0.000020 16
0.000021 16
0.000019 16
0.000019 16
0.000019 16
0.000020 16
0.000018 16
0.000456 15
0.000009 2
0.000041 21
0.041917 131
0.020830 48
0.344546 76
0.079824 42
0.953139 90
0.066220 56
1.903407 40
0.314295 40
0.323671 40
0.339847 40
0.340740 40
0.370791 40
0.361735 40
0.367142 40
0.374342 40
0.396081 41
0.001241 38
1.731738 41
0.393983 41
0.428147 41
0.413484 41
0.411617 41
0.458165 41
0.436168 41
0.440043 41
0.480401 41
0.468852 41
0.001040 38
2.048213 41
0.495748 41
0.488450 41
0.532647 41
0.521126 41
0.537600 41
0.576440 41
0.562056 41
0.588080 41
0.565903 41
0.001031 38
2.371705 41
0.585456 41
0.566827 41
0.561639 41
0.595072 86
0.139868 90
0.008917 44
0.002530 43
0.008866 43
0.009160 43
0.017584 107
0.000297 89
0.094921 51
0.000100 119
0.000015 17
0.000068 17
0.000081 102
0.000521 49
0.000015 16
0.000015 16
0.000013 16
0.000039 16
0.000448 16
0.000025 16
0.000017 16
0.000014 16
0.000017 16
0.000015 16
0.000023 16
0.000009 16
0.000624 48
0.000014 16
0.000080 80
0.000548 48
0.000006 15
0.000011 2
0.000087 21
0.001926 31
0.011185 26
0.009707 26
0.009804 295
28.273428 62
1.999092 14
0.140496 29
0.006240 185
0.190645 112
0.001337 97
0.000303 21
294.855335 56
3.919103 23
0.336441 25
0.006292 111
45.150351 118
0.007112 34
17.761324 118
0.188179 109
0.089949 68
0.000187 118
2.949098 64
0.000076 96
0.000005 10
0.000009 6
0.000086 64
0.000098 32
0.000433 64
0.000012 16
0.000089 48
0.000413 48
0.000011 16
0.000016 16
0.000015 16
0.000015 16
0.000008 16
0.000539 16
0.000065 59
0.000004 5
0.000011 16
0.000015 16
0.000013 16
0.000013 16
0.000478 15
0.000010 2
0.000039 21
0.003025 102
0.016437 42
0.000085 116
3.465242 96
0.165274 100
0.000942 40
0.095887 68
0.000008 17
0.000077 17
0.000063 51
0.000085 85
0.000014 17
0.000068 34
0.000548 51
0.000086 85
0.000457 51
0.000005 17
0.000068 51
0.000006 17
0.000578 17
0.000070 51
0.000012 17
0.000070 51
0.000539 46
0.000004 5
0.000014 16
0.000004 2
0.000042 21
0.006760 162
0.017922 55
0.270804 50
0.454728 65
0.082761 44
0.869155 49
0.085970 92
0.069383 58
1.887076 17
0.312396 17
0.002121 42
1.105289 17
0.360757 17
0.002251 42
1.159270 17
0.381031 17
0.002015 42
1.211480 17
0.411383 17
0.455384 17
0.431962 18
0.001179 15
1.916074 18
0.460139 18
0.002022 42
1.315798 18
0.472327 18
0.534915 18
0.512455 18
0.554659 18
0.593079 18
0.607900 18
0.735224 18
0.001040 15
3.780053 18
1.209526 18
1.476090 18
1.852308 18
2.376389 18
3.521634 18
3.703804 18
3.685375 18
3.785292 18
3.779029 18
0.000971 15
9.633858 18
3.880108 18
3.782490 18
3.847500 18
3.862204 87
0.126511 91
0.013762 44
0.002425 44
0.012311 44
0.006025 45
0.017570 149
0.000327 83
0.088945 64
0.000064 80
0.000012 16
0.000019 16
0.000026 16
0.000015 16
0.000023 16
0.000021 16
0.000019 16
0.000024 16
0.000467 16
0.000023 16
0.000016 16
0.000016 16
0.000017 16
0.000015 16
0.000014 16
0.000015 16
0.000445 16
0.000017 16
0.000016 16
0.000014 16
0.000016 16
0.000015 16
0.000017 16
0.000016 16
0.000548 16
0.000018 16
0.000019 16
0.000015 16
0.000014 16
0.000017 16
0.000014 16
0.000017 16
0.000015 16
0.000487 16
0.000016 16
0.000018 16
0.000015 16
0.000030 31
0.000008 2
0.000040 21
0.001940 31
0.010663 27
0.009416 27
0.010016 188
0.207913 113
0.001492 98
0.000091 21
297.095542 57
3.940500 23
0.343768 25
0.006328 113
44.380498 120
0.019739 32
14.569481 120
0.179971 110
0.089772 68
0.000160 119
3.409216 34
0.000008 17
0.000092 17
0.000104 51
0.000021 68
0.000132 51
0.000089 68
0.000604 34
0.000006 17
0.000086 51
0.000020 17
0.000557 17
0.000029 17
0.000026 17
0.000024 17
0.000024 17
0.000026 17
0.000023 17
0.000025 12
0.000004 5
0.000025 17
0.000701 17
0.000027 17
0.000026 17
0.000027 17
0.000022 17
0.000024 17
0.000021 17
0.000036 17
0.000640 34
0.000007 16
0.000014 2
0.000052 21
0.003734 122
0.024446 40
0.000929 118
5.857044 97
0.144851 101
0.000892 40
0.091217 64
0.000085 64
0.000038 48
0.000006 16
0.000116 64
0.000087 48
0.000466 48
0.000084 96
0.000424 48
0.000015 16
0.000010 16
0.000014 16
0.000012 16
0.000014 16
0.000015 16
0.000561 16
0.000022 16
0.000014 15
0.000008 2
0.000037 21
0.007170 109
0.014644 41
0.001450 97
1.846638 45
0.499726 60
0.083017 39
1.043496 44
0.095974 88
0.080480 53
1.944721 8
0.338280 8
0.002062 29
2.219253 8
0.408040 8
0.002198 29
2.275597 8
0.413434 8
0.002032 29
2.302040 8
0.426309 8
0.476139 8
0.458989 9
0.001142 15
1.801856 9
0.507136 9
0.002092 29
2.413549 9
0.501802 9
0.524533 9
0.544839 9
0.543478 9
0.597167 9
0.623784 9
0.780715 9
0.001011 15
3.885436 9
1.226321 9
1.529057 9
1.838652 9
2.596017 9
3.487389 9
3.584143 9
3.691445 9
3.561091 9
3.579635 9
0.000953 15
9.604131 9
3.583933 9
3.654643 9
3.672683 9
7.542423 87
0.127196 91
0.012894 46
0.006721 44
0.004496 44
0.016052 44
0.004349 44
0.006620 52
0.000309 9
0.001797 7
0.001745 8
0.001663 9
0.001701 8
0.001710 9
0.001649 9
0.001673 9
0.001752 9
0.001693 9
0.001732 9
0.001679 9
0.001698 9
0.001709 9
0.001624 9
0.001735 9
0.001766 9
0.001751 9
0.001766 9
0.001668 9
0.001775 9
0.001767 9
0.001763 9
0.001766 9
0.001771 9
0.001581 9
0.001754 9
0.001755 9
0.001723 9
0.001713 9
0.001654 9
0.001708 9
0.001737 9
0.000246 2
0.005342 135
0.000272 59
0.087492 48
0.000029 16
0.000017 16
0.000031 16
0.000035 32
0.000039 16
0.000020 16
0.000070 48
0.000011 16
0.000030 16
0.000053 16
0.000004 11
0.000005 5
0.000451 16
0.000026 16
0.000020 16
0.000022 16
0.000019 16
0.000022 16
0.000020 16
0.000023 16
0.000472 63
0.000005 5
0.000020 17
0.000020 17
0.000019 17
0.000019 17
0.000591 34
0.000015 17
0.000015 17
0.000021 17
0.000019 17
0.000019 17
0.000019 17
0.000019 17
0.000473 16
0.000009 2
0.000040 21
0.001797 31
0.010407 27
0.009627 27
0.010273 188
0.216355 113
0.001407 98
0.000154 21
306.609191 57
4.082670 24
0.354619 25
0.040663 113
46.312464 126
0.059674 253
0.027726 32
6.282375 123
0.819510 113
0.092980 67
0.000075 122
4.057110 44
0.000140 61
1.144054 60
11.372153 67
0.677165 66
0.702442 120
0.231077 110
0.145622 67
0.000178 119
4.330679 48
0.000009 10
0.000005 6
0.000090 48
0.000149 32
0.000089 64
0.000013 16
0.000021 16
0.000080 32
0.000026 11
0.000004 5
0.000718 16
0.000103 96
0.000022 16
0.000587 48
0.000005 16
0.000015 16
0.000015 17
0.000023 17
0.000013 17
0.000679 12
0.000004 5
0.000018 17
0.000017 17
0.000022 17
0.000015 17
0.000008 16
0.000009 2
0.000053 21
0.004238 78
0.007493 77
0.942612 285
0.086282 68
0.000085 102
0.000025 34
0.000016 17
0.000048 17
0.000005 17
0.000014 17
0.000097 17
0.000426 51
0.000051 85
0.000465 51
0.000004 17
0.000016 17
0.000013 17
0.000014 17
0.000525 17
0.000096 119
0.000015 17
0.000474 17
0.000092 114
0.000005 5
0.000370 16
0.000008 2
0.000040 21
0.046646 54
0.000241 53
0.000465 267
0.000456 271
0.000643 103
0.000073 150
0.000567 43
0.000014 46
1.252414 103
0.683620 46
0.045151 91
1.318125 103
0.730447 47
0.045894 94
0.523251 206
0.002174 103
0.000135 52
0.000016 70
1.223931 87
2.187147 167
1.021528 97
0.000108 200
0.000005 2
0.000018 50
0.000065 256
0.000220 103
0.000081 224
1.172973 103
0.653071 41
0.046406 81
1.271584 103
0.684867 42
0.046261 97
1.487302 103
0.821071 50
0.076959 84
0.484557 180
0.576528 195
0.000104 103
0.000085 112
0.008013 97
0.029266 106
0.077224 48
0.000083 64
0.000010 16
0.000078 64
0.000077 32
0.000085 48
0.000397 48
0.000028 32
0.000012 16
0.000064 32
0.000431 48
0.000009 16
0.000014 16
0.000007 16
0.000012 16
0.000023 16
0.000553 48
0.000017 16
0.000059 49
0.000012 21
0.006712 75
0.016366 97
0.000163 252
0.000138 256
0.000181 103
0.000041 113
0.000012 70
0.000010 41
1.182109 103
0.660315 41
0.044763 81
1.263561 103
0.695434 42
0.045487 97
1.491139 103
0.828329 50
0.076422 84
0.496091 180
0.588789 195
0.000097 103
0.000123 47
0.000012 65
19.039276 93
6.244680 46
0.074769 202
0.000664 103
0.000202 62
0.773327 103
0.511021 99
0.000293 243
0.000095 112
0.000142 253
0.000036 209
0.000965 103
0.000156 58
0.000127 84
0.000026 142
0.000005 55
0.000114 103
0.000098 329
0.000010 165
0.000018 254
0.000006 58
0.000128 103
0.000020 54
0.000024 80
0.000020 134
0.000004 2
0.000011 48
0.000420 103
0.000087 52
0.000278 74
0.000074 95
0.000322 103
0.000015 51
0.000196 72
0.000094 105
0.000137 103
0.000051 62
0.000120 150
0.000013 2
0.000013 56
0.001039 103
0.000212 61
0.000411 442
0.000316 77
0.000372 79
0.000168 249
0.000015 45
0.005076 43
0.336470 133
0.325220 150
0.000181 145
0.000045 95
1.880598 38
1.855109 98
0.084662 49
0.000006 16
0.000019 16
0.000010 16
0.000015 16
0.000129 32
0.000100 64
0.000005 16
0.000070 32
0.000079 64
0.000395 16
0.000019 16
0.000015 16
0.000014 16
0.000013 16
0.000013 16
0.000014 16
0.000419 16
0.000016 16
0.000014 16
0.000013 16
0.000014 16
0.000013 16
0.000013 16
0.000545 16
0.000018 16
0.000016 16
0.000012 16
0.000012 16
0.000013 15
0.000008 2
0.000031 21
0.160145 116
0.064115 87
0.000098 511
0.000010 286
0.000010 143
0.000006 141
0.000038 294
0.000004 602
0.000008 143
0.000007 157
0.000008 155
0.000007 155
0.000007 155
0.000007 149
0.000006 151
0.000007 145
0.000006 153
0.000007 153
0.000007 147
0.000006 143
0.000006 143
0.000007 155
0.000007 149
0.000006 141
0.000006 143
0.457758 91
8.651537 91
3.837188 168
1.800608 123
1.954357 241
0.001173 103
0.000354 75
0.760361 103
0.519828 112
0.000304 243
0.000142 125
0.000179 292
0.000086 261
0.001022 103
0.000121 71
0.000139 110
0.000026 181
0.000005 68
0.000121 103
0.000026 67
0.000015 104
0.000025 249
0.000119 568
0.000144 512
0.000437 103
0.000090 65
0.000282 100
0.000032 61
0.000007 60
0.000405 103
0.000021 64
0.000252 98
0.000104 131
0.000172 178
0.000204 260
0.001225 103
0.000271 74
0.000457 533
0.000402 77
0.000490 92
0.000194 288
0.000074 45
0.006166 42
0.330319 134
0.321213 163
0.000119 103
0.000033 55
0.000071 134
1.825703 51
1.852283 60
3.553453 103
6.893189 90
0.000520 113
0.090416 112
0.067237 87
0.000063 1526
0.000006 594
0.000010 157
0.000011 155
0.000004 155
0.000009 155
0.000007 149
0.000006 151
0.000010 145
0.000009 153
0.000009 153
0.000007 147
0.000009 143
0.000009 143
0.000008 155
0.000008 149
0.000009 141
0.000008 143
0.427207 91
8.456129 91
3.658064 168
1.773282 123
1.934020 235
0.000740 103
0.000214 73
0.763623 103
0.511834 110
0.000319 243
0.000093 123
0.000160 174
0.000010 112
0.000021 253
0.001166 103
0.000098 69
0.000114 106
0.000028 241
0.000163 268
0.000017 241
0.000053 103
0.000012 73
0.000011 118
0.000012 193
0.000017 67
0.000127 270
0.000007 169
0.000012 59
0.000439 103
0.000102 63
0.000248 96
0.000110 117
0.000336 103
0.000054 62
0.000210 94
0.000115 127
0.000177 103
0.000009 73
0.000167 183
0.000009 2
0.000005 67
0.001265 103
0.000233 72
0.000498 519
0.000355 77
0.000489 90
0.000190 282
0.000023 45
0.006135 43
0.329611 133
0.326969 161
0.000166 103
0.000007 53
0.000067 128
1.846482 49
1.840369 58
3.548622 99
6.985753 88
0.000378 111
0.008567 31
0.078139 51
0.000114 34
0.000062 17
0.000013 17
0.000029 17
0.000100 34
0.000024 17
0.000023 17
0.000023 17
0.000021 17
0.000027 17
0.000021 17
0.000029 12
0.000003 5
0.000425 17
0.000023 17
0.000019 17
0.000019 17
0.000019 17
0.000018 12
0.000004 5
0.000012 17
0.000018 17
0.000413 17
0.000022 17
0.000018 17
0.000018 17
0.000021 17
0.000016 17
0.000017 17
0.000018 17
0.000520 17
0.000022 17
0.000020 17
0.000016 17
0.000016 17
0.000016 17
0.000015 17
0.000024 17
0.000020 12
0.000004 5
0.000458 17
0.000021 17
0.000015 17
0.000018 17
0.000017 16
0.000008 2
0.000038 21
0.096578 401
0.229036 1386
0.004237 198
0.290576 47
0.006603 101
7.996545 47
0.002052 101
4.676403 91
2.312800 32
0.000013 26
0.000005 6
0.000042 32
0.000009 16
0.000013 16
0.000025 16
0.000013 16
0.000030 26
0.000004 1
0.000013 5
0.000010 16
0.000013 16
0.000017 16
0.000024 16
0.000019 11
0.000003 5
0.000041 11
0.000002 5
0.000466 16
0.000031 11
0.000006 5
0.000022 16
0.000016 16
0.000014 16
0.000014 16
0.000020 16
0.000010 16
0.000356 16
0.000019 16
0.000015 16
0.000014 16
0.000015 16
0.000013 16
0.000012 16
0.000013 16
0.000606 16
0.000017 16
0.000015 16
0.000013 16
0.000014 16
0.000012 16
0.000015 16
0.000012 15
0.000008 2
0.000032 21
0.005951 102
0.023537 43
0.003593 49
1.658105 114
5.794146 50
1.991629 46
5.700624 43
0.004694 92
0.147899 101
0.013599 57
0.010229 57
0.000893 31
0.089496 64
0.000007 16
0.000062 16
0.000077 64
0.000079 64
0.000081 48
0.000450 43
0.000004 5
0.000084 64
0.000006 16
0.000560 16
0.000082 112
0.000600 32
0.000020 16
0.000067 59
0.000005 5
0.000097 16
0.000455 48
0.000011 16
0.000079 64
0.000422 48
0.000014 16
0.000095 16
0.000229 16
0.000087 70
0.013436 27
0.009910 27
0.011561 74
0.002420 85
173.405452 52
1.990856 22
0.140780 28
0.009521 275
28.152250 57
2.146027 13
0.149359 29
0.010649 178
0.201247 109
0.000598 36
0.002676 16
0.000182 56
346.098053 52
4.712686 24
0.416398 25
0.014206 108
50.042338 116
0.027224 243
0.017028 32
6.520110 113
1.023234 108
0.093913 67
0.000152 117
3.996537 44
0.000065 61
0.988749 60
11.133199 67
0.688523 66
0.705025 110
0.229432 105
0.116113 67
0.000053 114
4.234002 34
0.000030 17
0.000079 17
0.000040 17
0.000035 17
0.000062 17
0.000062 17
0.000060 17
0.000050 17
0.000066 12
0.000007 5
0.000044 17
0.000050 17
0.000046 17
0.000058 17
0.000041 12
0.000007 5
0.000035 17
0.000057 12
0.000018 5
0.000049 17
0.000044 17
0.000852 17
0.000046 17
0.000038 17
0.000041 17
0.000069 12
0.000014 5
0.000138 17
0.000907 29
0.000014 5
0.000088 28
0.000015 6
0.000049 12
0.000006 5
0.000054 17
0.000058 12
0.000007 5
0.000050 12
0.000015 5
0.001107 17
0.000051 17
0.000073 17
0.000101 34
0.000017 17
0.000033 17
0.000024 17
0.000880 17
0.000037 17
0.000032 17
0.000029 15
0.000013 2
0.000067 21
0.006388 90
0.121993 48
0.000089 48
0.000094 48
0.000034 48
0.000024 16
0.000126 96
0.000563 96
0.000476 48
0.000021 16
0.000103 64
0.000571 64
0.000016 16
0.000015 16
0.000014 16
0.000589 32
0.000086 48
0.000007 16
0.000015 16
0.000014 16
0.000445 48
0.000011 16
0.000012 16
0.000381 48
0.000013 16
0.000015 16
0.000015 16
0.000016 16
0.000022 16
0.000014 16
0.000012 16
0.000015 16
0.000014 16
0.000015 16
0.000017 16
0.000014 15
0.000005 2
0.000021 21
0.102620 51
0.000078 85
0.000084 34
0.000102 68
0.000073 17
0.000511 114
0.000004 5
0.000497 17
0.000095 102
0.000585 51
0.000093 85
0.000556 116
0.000016 16
0.000430 48
0.000076 32
0.000389 48
0.000101 128
0.000070 48
0.000077 64
0.000006 16
0.000068 43
0.000004 5
0.000071 48
0.000015 11
0.000003 5
0.000022 11
0.000007 5
0.000020 16
0.000015 16
0.000015 16
0.000013 16
0.000025 16
0.000015 16
0.000015 16
0.000014 16
0.000015 16
0.000016 11
0.000004 5
0.000022 11
0.000007 5
0.000041 16
0.000026 16
0.000028 16
0.000029 16
0.000023 16
0.000021 11
0.000003 5
0.000023 11
0.000008 5
0.000023 11
0.000003 5
0.000020 16
0.000015 16
0.000025 16
0.000015 16
0.000015 16
0.000017 11
0.000003 5
0.000022 11
0.000007 5
0.000023 16
0.000023 16
0.000016 16
0.000029 16
0.000017 16
0.000016 11
0.000004 5
0.000022 11
0.000007 5
0.000023 16
0.000024 16
0.000016 16
0.000016 16
0.000017 11
0.000004 5
0.000041 16
0.000030 16
0.000024 16
0.000015 16
0.000015 16
0.000017 11
0.000003 5
0.000023 11
0.000006 5
0.000020 16
0.000040 16
0.000030 16
0.000024 17
0.000015 17
0.000015 17
0.000015 17
0.000016 17
0.000013 17
0.000015 17
0.000025 17
0.000016 17
0.000013 16
0.000009 2
0.000016 21
0.004866 103
0.000062 114
0.006182 112
0.005220 95
0.051097 122
0.081536 90
0.049580 122
0.053331 90
0.051391 99
0.012683 47
0.002778 80
0.005123 46
0.000015 80
0.004780 46
0.000118 101
0.004607 47
0.000084 96
0.004921 43
0.000042 95
0.000018 79
0.000148 93
0.005904 46
0.004080 49
0.103108 44
0.052904 62
0.001858 124
0.053053 81
0.077492 51
0.000042 17
0.000003 17
0.000059 51
0.000092 85
0.000067 34
0.000487 51
0.000013 17
0.000067 51
0.000009 17
0.000446 51
0.000018 17
0.000073 51
0.000500 51
0.000011 17
0.000066 68
0.000497 50
0.000009 16
0.000070 64
0.000347 48
0.000012 16
0.000370 32
0.000005 16
0.000066 59
0.000004 5
0.000068 64
0.000063 59
0.000004 5
0.000054 48
0.000012 16
0.000017 16
0.000018 16
0.000018 16
0.000016 16
0.000021 16
0.000017 16
0.000018 16
0.000018 16
0.000018 16
0.000017 16
0.000017 16
0.000017 16
0.000015 16
0.000031 16
0.000019 16
0.000019 16
0.000022 16
0.000020 16
0.000019 16
0.000019 16
0.000029 16
0.000018 16
0.000017 16
0.000018 11
0.000003 5
0.000015 16
0.000020 16
0.000016 16
0.000017 16
0.000016 16
0.000018 16
0.000027 16
0.000018 16
0.000018 16
0.000018 16
0.000019 16
0.000018 16
0.000015 16
0.000032 16
0.000018 16
0.000018 16
0.000015 16
0.000017 16
0.000018 16
0.000019 16
0.000019 16
0.000015 16
0.000017 16
0.000034 16
0.000016 16
0.000018 16
0.000017 15
0.000008 2
0.000019 21
0.051853 64
0.082300 81
0.158376 93
8.317641 67
0.002416 43
0.096649 44
0.123197 44
0.069191 62
0.078785 51
0.000015 34
0.000008 17
0.000069 34
0.000108 85
0.000005 17
0.000089 34
0.000101 17
0.000409 34
0.000005 17
0.000067 51
0.000381 17
0.000017 17
0.000014 17
0.000013 17
0.000012 17
0.000035 17
0.000004 34
0.000490 17
0.000015 17
0.000014 17
0.000013 17
0.000014 17
0.000018 17
0.000013 17
0.000010 17
0.000469 17
0.000016 17
0.000012 17
0.000072 68
0.000362 51
0.000016 29
0.000004 5
0.000329 51
0.000012 17
0.000009 17
0.000016 17
0.000008 17
0.000016 17
0.000014 17
0.000011 16
0.000015 16
0.000012 16
0.000011 16
0.000013 16
0.000012 16
0.000023 16
0.000013 16
0.000014 16
0.000012 16
0.000013 16
0.000012 16
0.000014 16
0.000012 16
0.000030 16
0.000012 16
0.000014 16
0.000012 16
0.000014 16
0.000011 16
0.000014 16
0.000012 16
0.000013 16
0.000022 16
0.000014 16
0.000011 16
0.000014 16
0.000012 16
0.000014 16
0.000012 16
0.000025 16
0.000013 16
0.000014 16
0.000012 16
0.000014 16
0.000013 16
0.000011 16
0.000014 16
0.000012 16
0.000014 16
0.000020 16
0.000012 16
0.000014 16
0.000011 16
0.000014 16
0.000011 16
0.000014 15
0.000007 2
0.000016 21
0.002511 109
0.261672 43
0.002678 49
7.076403 117
19.834267 50
5.928930 46
19.834511 43
0.001718 95
0.345708 104
0.012319 61
0.010553 61
0.101118 48
0.000027 48
0.000132 64
0.000075 64
0.000545 48
0.000077 64
0.000492 48
0.000113 65
0.000580 51
0.000017 17
0.000016 17
0.000011 17
0.000015 17
0.000031 34
0.000580 51
0.000011 17
0.000042 34
0.000009 17
0.000454 51
0.000011 17
0.000013 17
0.000017 17
0.000015 17
0.000019 17
0.000366 17
0.000020 17
0.000017 17
0.000016 17
0.000018 17
0.000018 17
0.000024 17
0.000017 17
0.000015 17
0.000016 17
0.000016 17
0.000016 17
0.000016 17
0.000016 17
0.000016 17
0.000023 17
0.000017 17
0.000015 17
0.000016 17
0.000016 17
0.000015 17
0.000016 17
0.000021 17
0.000017 17
0.000017 17
0.000016 17
0.000016 17
0.000016 17
0.000015 17
0.000016 17
0.000015 17
0.000034 17
0.000017 17
0.000016 17
0.000016 17
0.000016 17
0.000016 17
0.000016 17
0.000028 17
0.000017 17
0.000016 17
0.000014 17
0.000017 17
0.000015 17
0.000017 17
0.000015 16
0.000010 2
0.000018 21
0.093073 79
0.126291 87
0.045070 71
0.077600 83
0.042902 154
0.001192 101
0.001505 105
0.077686 87
0.151484 93
10.007176 73
0.001848 49
0.288080 50
0.101301 44
0.071033 68
0.002049 101
0.009507 81
0.049734 83
0.150655 93
0.303365 69
0.001784 45
0.026937 46
0.081552 42
0.049930 64
0.092181 85
0.000039 34
0.000015 17
0.000068 17
0.000082 102
0.000488 51
0.000011 16
0.000012 16
0.000014 16
0.000017 16
0.000017 16
0.000460 16
0.000017 16
0.000016 16
0.000016 16
0.000015 16
0.000016 16
0.000016 16
0.000545 16
0.000017 16
0.000018 16
0.000015 16
0.000018 16
0.000013 16
0.000026 16
0.000005 16
0.000017 11
0.000498 5
0.000019 16
0.000018 16
0.000065 80
0.000412 48
0.000015 16
0.000005 16
0.000449 16
0.000086 123
0.000006 5
0.000007 16
0.000020 16
0.000013 16
0.000016 16
0.000012 16
0.000013 16
0.000027 16
0.000016 16
0.000015 16
0.000015 16
0.000015 16
0.000015 16
0.000015 16
0.000026 16
0.000016 16
0.000016 16
0.000015 16
0.000039 32
0.000009 16
0.000012 16
0.000015 16
0.000026 16
0.000016 16
0.000016 16
0.000015 16
0.000015 16
0.000013 16
0.000015 16
0.000028 16
0.000018 16
0.000015 16
0.000015 16
0.000015 16
0.000016 16
0.000015 16
0.000015 16
0.000067 64
0.000009 16
0.000065 85
0.000027 17
0.000018 17
0.000012 17
0.000015 17
0.000014 17
0.000013 16
0.000009 2
0.000016 21
0.103444 63
0.082128 48
0.000088 96
0.000079 48
0.000010 16
0.000085 16
0.000085 16
0.000356 48
0.000009 16
0.000069 48
0.000444 43
0.000004 5
0.000017 16
0.000014 16
0.000018 16
0.000018 16
0.000018 11
0.000003 5
0.000017 10
0.000493 6
0.000022 16
0.000018 16
0.000019 12
0.000003 5
0.000017 12
0.000002 5
0.000018 12
0.000003 5
0.000016 17
0.000018 17
0.000020 17
0.000481 17
0.000023 17
0.000018 17
0.000015 17
0.000018 17
0.000019 17
0.000016 17
0.000038 17
0.000335 17
0.000022 17
0.000020 17
0.000018 17
0.000308 17
0.000072 51
0.000017 17
0.000067 51
0.000010 17
0.000016 17
0.000019 17
0.000019 17
0.000015 17
0.000013 17
0.000016 17
0.000018 17
0.000024 17
0.000017 17
0.000017 17
0.000017 17
0.000018 17
0.000018 17
0.000017 17
0.000025 17
0.000017 17
0.000019 17
0.000018 17
0.000016 17
0.000018 17
0.000016 17
0.000018 17
0.000017 17
0.000031 17
0.000018 17
0.000018 17
0.000017 17
0.000018 17
0.000016 17
0.000018 17
0.000034 17
0.000018 17
0.000016 17
0.000018 12
0.000003 5
0.000015 17
0.000019 12
0.000005 5
0.000015 17
0.000017 17
0.000018 17
0.000017 17
0.000032 17
0.000017 17
0.000018 17
0.000016 17
0.000018 17
0.000018 16
0.000007 2
0.000019 21
0.058631 230
0.549668 69
0.089993 32
0.000019 64
0.000037 16
0.000014 16
0.000022 16
0.000021 16
0.000023 16
0.000026 16
0.000008 16
0.000014 16
0.000070 32
0.000521 16
0.000067 32
0.000085 64
0.000524 68
0.000093 68
0.000589 68
0.000102 85
0.000555 68
0.000107 68
0.000412 68
0.000374 102
0.000014 17
0.000066 63
0.000005 5
0.000067 68
0.000082 85
0.000012 17
0.000013 17
0.000013 17
0.000029 17
0.000013 17
0.000016 17
0.000013 17
0.000013 17
0.000013 17
0.000014 17
0.000015 17
0.000015 17
0.000024 17
0.000014 16
0.000009 2
0.000016 21
0.005783 225
0.109058 163
0.018349 255
31.663138 33
1.559455 173
0.001093 55
1.126621 55
1.071982 55
1.065291 55
1.200831 34
0.000007 17
0.000021 17
0.000040 17
0.000053 34
0.000051 34
0.000020 17
0.000026 17
0.000025 17
0.000027 17
0.000057 17
0.000015 17
0.000052 17
0.000603 17
0.000034 17
0.000025 12
0.000003 5
0.000025 12
0.000004 5
0.000022 17
0.000026 17
0.000024 17
0.000560 17
0.000029 17
0.000025 17
0.000022 17
0.000023 17
0.000026 12
0.000003 5
0.000023 16
0.000023 16
0.000668 16
0.000029 16
0.000023 16
0.000024 11
0.000003 5
0.000023 11
0.000003 5
0.000022 11
0.000003 5
0.000022 16
0.000026 16
0.000607 16
0.000030 16
0.000027 16
0.000023 16
0.000024 16
0.000025 16
0.000025 16
0.000025 16
0.000464 16
0.000031 16
0.000025 16
0.000024 11
0.000004 5
0.000029 16
0.000427 16
0.000080 48
0.000013 16
0.000073 48
0.000022 16
0.000022 16
0.000025 11
0.000004 5
0.000022 16
0.000023 16
0.000023 16
0.000022 16
0.000030 16
0.000025 16
0.000025 11
0.000004 5
0.000018 16
0.000022 16
0.000025 16
0.000025 16
0.000025 16
0.000031 16
0.000022 16
0.000023 16
0.000023 16
0.000024 16
0.000025 16
0.000025 11
0.000003 5
0.000022 16
0.000040 16
0.000027 16
0.000022 16
0.000024 11
0.000003 5
0.000022 11
0.000004 5
0.000022 16
0.000025 15
0.000037 23
0.015372 222
0.363094 99
2.058764 29
11.481037 23
0.284297 25
0.727948 29
10.895716 23
0.286902 25
0.632715 29
11.020593 23
0.283648 25
0.641991 29
11.031806 23
0.286620 25
0.643659 29
10.977738 23
0.289285 25
0.656160 29
11.013497 23
0.286779 25
0.636123 29
11.022866 23
0.286730 25
0.653445 29
11.033405 23
0.287447 25
0.639427 29
11.024734 23
0.286142 25
0.662515 29
11.019580 23
0.290893 25
0.714422 32
0.000075 90
0.000006 6
0.000076 48
0.000005 16
0.000015 16
0.000020 16
0.000025 16
0.000451 16
0.000021 16
0.000013 16
0.000015 16
0.000013 16
0.000015 16
0.000013 16
0.000451 16
0.000016 16
0.000016 16
0.000013 16
0.000021 16
0.000056 16
0.000022 17
0.000013 17
0.000550 17
0.000016 17
0.000015 17
0.000015 17
0.000014 17
0.000013 17
0.000015 17
0.000013 17
0.000014 17
0.000506 17
0.000016 17
0.000013 17
0.000015 17
0.000014 17
0.000014 17
0.000013 17
0.000014 17
0.000380 17
0.000017 17
0.000013 17
0.000015 17
0.000013 17
0.000323 17
0.000018 17
0.000013 17
0.000015 17
0.000013 17
0.000014 17
0.000019 17
0.000014 17
0.000013 17
0.000014 17
0.000012 17
0.000014 17
0.000013 17
0.000014 17
0.000012 17
0.000020 17
0.000014 17
0.000013 17
0.000012 17
0.000014 17
0.000012 17
0.000014 17
0.000012 17
0.000019 17
0.000012 17
0.000014 17
0.000012 17
0.000013 17
0.000013 17
0.000013 17
0.000013 17
0.000027 17
0.000013 17
0.000014 17
0.000012 17
0.000014 17
0.000012 17
0.000014 17
0.000022 17
0.000014 17
0.000014 17
0.000012 17
0.000013 17
0.000013 16
0.000008 2
0.000018 21
0.033529 187
0.071631 132
0.054597 218
0.424483 68
6.109424 79
0.019716 185
0.002261 165
0.480383 68
1.203044 79
0.021180 181
0.128193 16
0.000016 16
0.000077 32
0.000039 16
0.000085 32
0.000014 16
0.000019 16
0.000025 16
0.000027 16
0.000024 16
0.000029 16
0.000079 16
0.000526 16
0.000030 16
0.000021 16
0.000021 16
0.000018 16
0.000025 16
0.000025 16
0.000015 16
0.000551 16
0.000025 16
0.000022 16
0.000017 16
0.000022 16
0.000019 16
0.000018 16
0.000019 16
0.000674 16
0.000025 16
0.000021 16
0.000019 16
0.000031 16
0.000015 16
0.000017 16
0.000016 16
0.000020 16
0.000617 16
0.000023 16
0.000018 16
0.000020 16
0.000016 16
0.000022 16
0.000018 16
0.000017 16
0.000463 16
0.000022 16
0.000023 16
0.000019 16
0.000417 16
0.000027 16
0.000022 16
0.000021 16
0.000018 16
0.000021 16
0.000018 16
0.000027 16
0.000021 16
0.000019 17
0.000021 17
0.000018 17
0.000017 17
0.000020 17
0.000017 17
0.000036 17
0.000019 17
0.000021 17
0.000018 17
0.000018 17
0.000018 17
0.000020 17
0.000035 17
0.000022 17
0.000019 17
0.000020 17
0.000020 17
0.000019 17
0.000021 17
0.000016 17
0.000021 17
0.000028 17
0.000022 17
0.000021 17
0.000018 17
0.000016 17
0.000021 17
0.000017 17
0.000036 17
0.000022 17
0.000020 17
0.000018 17
0.000020 17
0.000019 17
0.000021 17
0.000017 17
0.000021 17
0.000024 17
0.000021 17
0.000034 17
0.000017 17
0.000020 17
0.000017 17
0.000019 17
0.000017 17
0.000020 17
0.000034 17
0.000021 17
0.000017 17
0.000020 17
0.000017 17
0.000019 17
0.000018 16
0.000009 2
0.000023 21
0.310962 48
0.000072 96
0.000011 16
0.000089 80
0.000016 16
0.000025 16
0.000454 16
0.000018 16
0.000015 16
0.000012 16
0.000014 16
0.000012 16
0.000015 16
0.000437 16
0.000018 16
0.000014 16
0.000014 16
0.000013 16
0.000014 16
0.000012 16
0.000014 16
0.000526 16
0.000017 16
0.000013 16
0.000014 16
0.000013 16
0.000014 16
0.000013 16
0.000016 16
0.000012 16
0.000514 16
0.000017 11
0.000004 5
0.000011 16
0.000014 11
0.000003 5
0.000011 16
0.000014 16
0.000014 11
0.000003 5
0.000011 16
0.000423 63
0.000004 5
0.000356 51
0.000004 17
0.000013 17
0.000014 17
0.000036 17
0.000004 12
0.000008 5
0.000011 17
0.000012 17
0.000011 17
0.000008 17
0.000014 17
0.000012 17
0.000015 17
0.000024 17
0.000013 17
0.000013 17
0.000016 17
0.000012 17
0.000008 17
0.000012 16
0.000004 2
0.000020 21
0.115312 132
0.257007 48
0.002463 54
22.741277 122
20.401917 55
7.686529 85
83.266313 80
0.010492 85
0.005424 79
0.079539 32
0.000068 32
0.000038 16
0.000076 32
0.000078 27
0.000025 5
0.000051 16
0.000024 16
0.000021 16
0.000025 16
0.000022 16
0.000070 48
0.000018 16
0.000475 64
0.000014 16
0.000016 16
0.000019 16
0.000453 48
0.000004 16
0.000019 16
0.000018 16
0.000019 16
0.000504 16
0.000023 16
0.000020 16
0.000018 16
0.000019 16
0.000019 16
0.000019 16
0.000018 16
0.000019 16
0.000467 16
0.000020 16
0.000020 16
0.000020 16
0.000019 16
0.000019 16
0.000018 16
0.000019 16
0.000374 16
0.000023 16
0.000019 11
0.000004 5
0.000018 16
0.000274 16
0.000061 16
0.000020 16
0.000022 17
0.000017 17
0.000019 17
0.000018 17
0.000024 17
0.000018 17
0.000018 16
0.000008 2
0.000019 21
0.005230 225
0.022896 54
0.001471 79
0.000187 116
0.085325 58
1.611315 73
0.088333 52
0.315163 57
0.039837 104
0.849293 53
0.116853 32
0.000084 16
0.000083 64
0.000034 16
0.000022 16
0.000107 67
0.000032 12
0.000007 5
0.000069 34
0.000573 34
0.000009 17
0.000020 17
0.000025 17
0.000026 17
0.000024 17
0.000024 17
0.000537 17
0.000029 17
0.000015 17
0.000024 17
0.000026 12
0.000004 5
0.000024 17
0.000024 17
0.000024 17
0.000027 17
0.000650 17
0.000024 17
0.000026 17
0.000025 17
0.000023 17
0.000024 17
0.000026 17
0.000024 17
0.000595 17
0.000025 17
0.000037 17
0.000027 12
0.000003 5
0.000024 17
0.000023 17
0.000025 17
0.000474 17
0.000027 17
0.000025 12
0.000004 5
0.000023 17
0.000026 17
0.000398 17
0.000029 17
0.000025 17
0.000025 17
0.000022 17
0.000024 17
0.000025 12
0.000004 5
0.000029 12
0.000003 5
0.000023 12
0.000003 5
0.000023 17
0.000025 12
0.000004 5
0.000037 17
0.000024 17
0.000021 17
0.000025 17
0.000041 16
0.000004 2
0.000019 21
0.002008 81
0.008206 46
0.059259 158
0.024845 112
0.115334 150
0.021144 61
0.071541 112
0.142491 150
0.020275 61
0.134545 51
0.000088 119
0.000112 119
0.000488 68
0.000078 68
0.000390 68
0.000018 17
0.000010 17
0.000009 16
0.000012 16
0.000542 64
0.000091 48
0.000020 16
0.000436 48
0.000007 16
0.000015 16
0.000009 16
0.000059 32
0.000402 64
0.000078 16
0.000256 106
0.000004 6
0.000016 15
0.000004 2
0.000066 21
0.076077 116
0.001597 2214
0.019201 2135
0.117191 104
0.134303 99
0.009628 106
0.002086 106
0.211751 89
0.005999 596
0.235091 164
0.023593 278
0.009888 77
0.006457 48
0.006890 84
0.004344 77
0.007442 55
0.578673 177
0.000452 94
0.001440 68
4.996205 83
8.867460 103
5.383848 84
0.023546 68
0.000494 171
0.000456 112
0.247922 124
0.000064 148
65.241439 148
64.370476 148
65.116993 149
65.182044 149
65.246598 149
65.338080 149
65.442261 149
65.507842 149
65.491340 149
65.218515 150
65.347659 150
65.275369 150
65.393593 150
65.320681 150
65.582404 150
65.301396 150
65.502721 150
65.445813 150
65.479239 150
65.394783 150
66.770996 150
65.414032 150
65.299261 150
65.054634 150
65.200870 150
65.320450 150
65.439139 150
65.276624 150
65.061396 150
65.476957 119
0.000076 192
44.861538 142
0.026931 93
0.061439 225
7.632770 32
0.000068 48
0.000036 32
0.000041 16
0.000047 16
0.000042 32
0.000036 16
0.000045 32
0.000018 16
0.000076 43
0.000005 5
0.000025 16
0.000504 16
0.000027 16
0.000027 16
0.000023 16
0.000025 16
0.000024 16
0.000497 16
0.000027 16
0.000025 16
0.000024 16
0.000023 16
0.000024 16
0.000025 16
0.000024 16
0.000613 16
0.000024 16
0.000086 80
0.000583 48
0.000093 82
0.000479 51
0.000040 34
0.000412 51
0.000041 34
0.000025 17
0.000069 63
0.000012 5
0.000022 17
0.000026 17
0.000019 17
0.000022 17
0.000025 17
0.000035 17
0.000025 16
0.000010 2
0.000023 21
0.011894 46
0.008919 46
0.009167 276
24.032152 57
2.274600 22
0.160517 29
0.006689 235
0.017310 111
0.000376 16
0.000946 107
0.000175 21
141.105564 71
2.055323 21
0.136945 25
0.006422 146
18.452380 70
0.899304 21
0.019828 39
0.137508 34
0.000016 34
0.000009 17
0.000120 51
0.000106 85
0.000011 17
0.000071 51
0.000454 34
0.000013 17
0.000015 17
0.000011 17
0.000015 17
0.000013 17
0.000412 17
0.000016 17
0.000015 17
0.000014 17
0.000012 17
0.000014 17
0.000013 17
0.000014 17
0.000509 17
0.000016 17
0.000013 17
0.000015 17
0.000015 17
0.000015 17
0.000014 17
0.000024 17
0.000489 51
0.000004 17
0.000020 17
0.000008 17
0.000067 51
0.000377 51
0.000004 17
0.000310 51
0.000010 17
0.000067 68
0.000004 16
0.000010 2
0.000067 21
0.007946 299
0.111771 64
10.320614 163
0.695061 126
0.301693 69
0.000126 135
0.005578 18
4.274569 57
0.132946 32
0.000010 10
0.000005 6
0.000031 16
0.000203 48
0.000015 16
0.000082 32
0.000043 11
0.000004 5
0.000048 16
0.000036 16
0.000053 11
0.000004 5
0.000036 16
0.000043 16
0.000037 16
0.000033 11
0.000005 5
0.000633 32
0.000022 16
0.000088 45
0.000004 6
0.000079 17
0.000588 34
0.000012 17
0.000025 12
0.000004 5
0.000035 12
0.000004 5
0.000034 12
0.000004 5
0.000031 17
0.000697 17
0.000043 17
0.000040 12
0.000004 5
0.000036 12
0.000010 5
0.000027 17
0.000023 12
0.000004 5
0.000032 12
0.000004 5
0.000034 12
0.000004 5
0.000654 17
0.000041 12
0.000004 5
0.000037 12
0.000004 5
0.000038 12
0.000004 5
0.000031 17
0.000021 17
0.000021 17
0.000020 17
0.000485 17
0.000026 17
0.000021 17
0.000020 17
0.000020 17
0.000387 17
0.000027 17
0.000021 17
0.000020 17
0.000019 17
0.000020 17
0.000026 17
0.000024 12
0.000004 5
0.000031 12
0.000009 5
0.000033 17
0.000035 17
0.000022 17
0.000022 12
0.000003 5
0.000032 12
0.000004 5
0.000033 12
0.000004 5
0.000046 17
0.000024 17
0.000019 17
0.000019 17
0.000025 16
0.000009 2
0.000019 21
0.006143 241
0.052255 167
0.007183 166
0.101199 51
0.000075 68
0.000045 51
0.000017 17
0.000025 17
0.000107 85
0.000547 46
0.000005 5
0.000013 17
0.000018 17
0.000015 17
0.000016 17
0.000018 17
0.000500 17
0.000020 17
0.000017 17
0.000016 17
0.000016 17
0.000016 17
0.000016 17
0.000016 17
0.000598 17
0.000019 17
0.000018 17
0.000017 17
0.000017 17
0.000016 17
0.000016 17
0.000015 17
0.000548 17
0.000021 17
0.000017 17
0.000016 17
0.000017 17
0.000017 17
0.000016 17
0.000016 17
0.000435 17
0.000018 17
0.000017 17
0.000016 17
0.000016 17
0.000346 17
0.000019 17
0.000016 17
0.000016 17
0.000017 17
0.000015 17
0.000022 17
0.000080 56
0.021679 206
17.803907 51
0.000007 17
0.000006 17
0.000076 17
0.000084 68
0.000085 68
0.000006 11
0.000004 6
0.000653 51
0.000082 68
0.000541 51
0.000014 17
0.000021 17
0.000010 17
0.000091 45
0.000601 6
0.000074 51
0.000018 17
0.000017 17
0.000011 17
0.000018 17
0.000020 17
0.000607 17
0.000024 17
0.000018 17
0.000021 17
0.000018 17
0.000017 17
0.000021 17
0.000019 17
0.000453 17
0.000022 17
0.000022 17
0.000018 17
0.000016 11
0.000391 6
0.000029 17
0.000019 17
0.000021 17
0.000017 17
0.000019 17
0.000018 17
0.000026 17
0.000018 17
0.000020 17
0.000016 17
0.000034 17
0.000016 17
0.000019 16
0.000017 16
0.000019 16
0.000030 16
0.000019 16
0.000016 16
0.000018 16
0.000016 16
0.000019 16
0.000017 16
0.000030 16
0.000019 16
0.000019 16
0.000017 16
0.000019 16
0.000016 16
0.000016 16
0.000019 16
0.000015 16
0.000033 16
0.000016 16
0.000019 16
0.000017 16
0.000015 16
0.000019 16
0.000016 16
0.000040 16
0.000018 16
0.000016 16
0.000018 16
0.000017 16
0.000018 16
0.000017 16
0.000019 16
0.000017 16
0.000017 16
0.000031 16
0.000016 16
0.000019 15
0.000010 2
0.000019 21
0.153937 97
0.000370 95
0.000341 97
0.000448 418
0.000868 47
0.043342 82
31.650699 1
0.200445 1
0.112279 1
0.143939 1
0.288172 2
0.000437 6
